<?xml version="1.0" encoding="UTF-8"?>
<!-- Generated by org.testng.reporters.JUnitReportReporter -->
<testsuite skipped="0" hostname="DESKTOP-08P06U8" name="tests.CartTest" tests="9" failures="0" timestamp="2020-04-01T01:08:38 CEST" time="27.022" errors="0">
  <testcase name="addToCartTest" time="4.006" classname="tests.CartTest"/>
  <testcase name="addToCartTest" time="4.698" classname="tests.CartTest"/>
  <testcase name="addToCartTest" time="4.977" classname="tests.CartTest"/>
  <testcase name="totalCostTest" time="0.269" classname="tests.CartTest"/>
  <testcase name="totalCostTest" time="0.146" classname="tests.CartTest"/>
  <testcase name="totalCostTest" time="0.261" classname="tests.CartTest"/>
  <testcase name="clearCookiesTest" time="4.284" classname="tests.CartTest"/>
  <testcase name="clearCookiesTest" time="4.328" classname="tests.CartTest"/>
  <testcase name="clearCookiesTest" time="4.053" classname="tests.CartTest"/>
</testsuite> <!-- tests.CartTest -->
