<?xml version="1.0" encoding="UTF-8"?>
<!-- Generated by org.testng.reporters.JUnitReportReporter -->
<testsuite skipped="0" hostname="DESKTOP-08P06U8" name="tests.RegistrationTest" tests="3" failures="0" timestamp="2020-04-01T01:08:38 CEST" time="470.028" errors="0">
  <testcase name="fillInFormTest" time="120.826" classname="tests.RegistrationTest"/>
  <testcase name="fillInFormTest" time="179.182" classname="tests.RegistrationTest"/>
  <testcase name="fillInFormTest" time="170.020" classname="tests.RegistrationTest"/>
</testsuite> <!-- tests.RegistrationTest -->
