<?xml version="1.0" encoding="UTF-8"?>
<!-- Generated by org.testng.reporters.JUnitReportReporter -->
<testsuite skipped="0" hostname="DESKTOP-08P06U8" name="test.SearchTest" tests="1" failures="0" timestamp="2020-03-18T22:20:28 CET" time="13.425" errors="0">
  <testcase name="orderTest" time="13.425" classname="test.SearchTest"/>
</testsuite> <!-- test.SearchTest -->
