<?xml version="1.0" encoding="UTF-8"?>
<!-- Generated by org.testng.reporters.JUnitReportReporter -->
<testsuite skipped="0" hostname="DESKTOP-08P06U8" name="tests.SignInTest" tests="3" failures="0" timestamp="2020-04-01T01:08:38 CEST" time="106.522" errors="0">
  <testcase name="SignInTest" time="40.033" classname="tests.SignInTest"/>
  <testcase name="SignInTest" time="40.015" classname="tests.SignInTest"/>
  <testcase name="SignInTest" time="26.474" classname="tests.SignInTest"/>
</testsuite> <!-- tests.SignInTest -->
