<?xml version="1.0" encoding="UTF-8"?>
<!-- Generated by org.testng.reporters.JUnitReportReporter -->
<testsuite skipped="0" hostname="DESKTOP-08P06U8" name="p1603.Zadatak3" tests="1" failures="0" timestamp="2020-03-16T20:20:31 CET" time="49.188" errors="0">
  <testcase name="slackTest" time="49.188" classname="p1603.Zadatak3"/>
</testsuite> <!-- p1603.Zadatak3 -->
