<?xml version="1.0" encoding="UTF-8"?>
<!-- Generated by org.testng.reporters.JUnitReportReporter -->
<testsuite skipped="0" hostname="DESKTOP-08P06U8" name="tests.EnterStoreTest" tests="3" failures="0" timestamp="2020-04-01T01:08:38 CEST" time="3.706" errors="0">
  <testcase name="enterTest" time="1.295" classname="tests.EnterStoreTest"/>
  <testcase name="enterTest" time="1.159" classname="tests.EnterStoreTest"/>
  <testcase name="enterTest" time="1.252" classname="tests.EnterStoreTest"/>
</testsuite> <!-- tests.EnterStoreTest -->
