<?xml version="1.0" encoding="UTF-8"?>
<!-- Generated by org.testng.reporters.JUnitReportReporter -->
<testsuite skipped="0" hostname="DESKTOP-08P06U8" name="p1303.Zadatak1NG" tests="2" failures="0" timestamp="2020-03-13T19:58:07 CET" time="8.368" errors="0">
  <testcase name="googleSearchTest" time="6.114" classname="p1303.Zadatak1NG"/>
  <testcase name="titleTest" time="2.254" classname="p1303.Zadatak1NG"/>
</testsuite> <!-- p1303.Zadatak1NG -->
