<?xml version="1.0" encoding="UTF-8"?>
<!-- Generated by org.testng.reporters.JUnitReportReporter -->
<testsuite skipped="0" hostname="DESKTOP-08P06U8" name="tests.PetStoreMenuTest" tests="9" failures="0" timestamp="2020-04-01T01:08:38 CEST" time="100.649" errors="0">
  <testcase name="linkToRightPageTest" time="1.557" classname="tests.PetStoreMenuTest"/>
  <testcase name="verifyUrlTest" time="30.154" classname="tests.PetStoreMenuTest"/>
  <testcase name="verifyUrlTest" time="30.194" classname="tests.PetStoreMenuTest"/>
  <testcase name="verifyUrlTest" time="30.050" classname="tests.PetStoreMenuTest"/>
  <testcase name="linkToRightPageTest" time="2.302" classname="tests.PetStoreMenuTest"/>
  <testcase name="topMenuContentTest" time="1.377" classname="tests.PetStoreMenuTest"/>
  <testcase name="linkToRightPageTest" time="1.873" classname="tests.PetStoreMenuTest"/>
  <testcase name="topMenuContentTest" time="2.068" classname="tests.PetStoreMenuTest"/>
  <testcase name="topMenuContentTest" time="1.074" classname="tests.PetStoreMenuTest"/>
</testsuite> <!-- tests.PetStoreMenuTest -->
