<?xml version="1.0" encoding="UTF-8"?>
<!-- Generated by org.testng.reporters.JUnitReportReporter -->
<testsuite skipped="0" hostname="DESKTOP-08P06U8" name="test.LoginTest" tests="1" failures="0" timestamp="2020-03-16T21:26:48 CET" time="6.441" errors="0">
  <testcase name="loginTest" time="6.441" classname="test.LoginTest"/>
</testsuite> <!-- test.LoginTest -->
