<?xml version="1.0" encoding="UTF-8"?>
<!-- Generated by org.testng.reporters.JUnitReportReporter -->
<testsuite skipped="0" hostname="DESKTOP-08P06U8" name="test.OrderTest" tests="1" failures="0" timestamp="2020-03-18T12:09:55 CET" time="7.774" errors="0">
  <testcase name="orderTest" time="7.774" classname="test.OrderTest"/>
</testsuite> <!-- test.OrderTest -->
