<?xml version="1.0" encoding="UTF-8"?>
<!-- Generated by org.testng.reporters.JUnitReportReporter -->
<testsuite skipped="0" hostname="DESKTOP-08P06U8" name="p1303.Zadatak2" tests="1" failures="0" timestamp="2020-03-13T21:10:03 CET" time="9.205" errors="0">
  <testcase name="logInTest" time="9.205" classname="p1303.Zadatak2"/>
</testsuite> <!-- p1303.Zadatak2 -->
