<?xml version="1.0" encoding="UTF-8"?>
<!-- Generated by org.testng.reporters.JUnitReportReporter -->
<testsuite skipped="0" hostname="DESKTOP-08P06U8" name="ulancavanje.Zadatak5" tests="1" failures="0" timestamp="2020-03-18T22:48:16 CET" time="9.479" errors="0">
  <testcase name="ulancavanje" time="9.479" classname="ulancavanje.Zadatak5"/>
</testsuite> <!-- ulancavanje.Zadatak5 -->
