<?xml version="1.0" encoding="UTF-8"?>
<!-- Generated by org.testng.reporters.JUnitReportReporter -->
<testsuite skipped="0" hostname="DESKTOP-08P06U8" name="zadatak2.Zadatak2" tests="1" failures="0" timestamp="2020-03-15T17:06:01 CET" time="31.443" errors="0">
  <testcase name="logInTest" time="31.443" classname="zadatak2.Zadatak2"/>
</testsuite> <!-- zadatak2.Zadatak2 -->
