<?xml version="1.0" encoding="UTF-8"?>
<!-- Generated by org.testng.reporters.JUnitReportReporter -->
<testsuite skipped="0" hostname="DESKTOP-08P06U8" name="p1603.Zadatak1" tests="1" failures="0" timestamp="2020-03-16T19:04:24 CET" time="1.159" errors="0">
  <testcase name="pageLoadTest" time="1.159" classname="p1603.Zadatak1"/>
</testsuite> <!-- p1603.Zadatak1 -->
