<?xml version="1.0" encoding="UTF-8"?>
<!-- Generated by org.testng.reporters.JUnitReportReporter -->
<testsuite skipped="0" hostname="DESKTOP-08P06U8" name="d1303.Zadatak1" tests="1" failures="0" timestamp="2020-03-15T13:47:05 CET" time="8.280" errors="0">
  <testcase name="addToCart" time="8.280" classname="d1303.Zadatak1"/>
</testsuite> <!-- d1303.Zadatak1 -->
