<?xml version="1.0" encoding="UTF-8"?>
<!-- Generated by org.testng.reporters.JUnitReportReporter -->
<testsuite skipped="0" hostname="DESKTOP-08P06U8" name="d1303.Zadatak3" tests="1" failures="0" timestamp="2020-03-15T17:20:31 CET" time="12.214" errors="0">
  <testcase name="titleTest" time="12.214" classname="d1303.Zadatak3"/>
</testsuite> <!-- d1303.Zadatak3 -->
