<?xml version="1.0" encoding="UTF-8"?>
<!-- Generated by org.testng.reporters.JUnitReportReporter -->
<testsuite skipped="0" hostname="DESKTOP-08P06U8" name="ulancavanje.Zadatak1" tests="1" failures="0" timestamp="2020-03-18T22:38:47 CET" time="4.374" errors="0">
  <testcase name="loginTest" time="4.374" classname="ulancavanje.Zadatak1"/>
</testsuite> <!-- ulancavanje.Zadatak1 -->
